c:\users\tutia\source\repos\assessment 1\task\x64\debug\vc143.pdb
c:\users\tutia\source\repos\assessment 1\task\x64\debug\vc143.idb
c:\users\tutia\source\repos\assessment 1\task\x64\debug\task.obj
c:\users\tutia\source\repos\assessment 1\x64\debug\task\kernels.cl
c:\users\tutia\source\repos\assessment 1\x64\debug\task\test.ppm
c:\users\tutia\source\repos\assessment 1\x64\debug\task\test_large.ppm
c:\users\tutia\source\repos\assessment 1\x64\debug\task\task.exe
c:\users\tutia\source\repos\assessment 1\x64\debug\task\task.pdb
c:\users\tutia\source\repos\assessment 1\task\x64\debug\task.ilk
c:\users\tutia\source\repos\assessment 1\task\x64\debug\task.tlog\cl.command.1.tlog
c:\users\tutia\source\repos\assessment 1\task\x64\debug\task.tlog\cl.items.tlog
c:\users\tutia\source\repos\assessment 1\task\x64\debug\task.tlog\cl.read.1.tlog
c:\users\tutia\source\repos\assessment 1\task\x64\debug\task.tlog\cl.write.1.tlog
c:\users\tutia\source\repos\assessment 1\task\x64\debug\task.tlog\copyfile.command.1.tlog
c:\users\tutia\source\repos\assessment 1\task\x64\debug\task.tlog\copyfile.read.1.tlog
c:\users\tutia\source\repos\assessment 1\task\x64\debug\task.tlog\copyfile.write.1.tlog
c:\users\tutia\source\repos\assessment 1\task\x64\debug\task.tlog\link.command.1.tlog
c:\users\tutia\source\repos\assessment 1\task\x64\debug\task.tlog\link.read.1.tlog
c:\users\tutia\source\repos\assessment 1\task\x64\debug\task.tlog\link.secondary.1.tlog
c:\users\tutia\source\repos\assessment 1\task\x64\debug\task.tlog\link.write.1.tlog
